<?xml version="1.0" encoding="UTF-8"?>
<!-- Generated by org.testng.reporters.JUnitReportReporter -->
<testsuite hostname="EMACBOOK-34" name="com.equal.testScripts.SpecificWebBrowser" tests="1" failures="0" timestamp="28 Mar 2016 06:39:22 GMT" time="10.363" errors="0">
  <testcase name="backToCustometListTest" time="10.363" classname="com.equal.testScripts.SpecificWebBrowser"/>
</testsuite> <!-- com.equal.testScripts.SpecificWebBrowser -->
