<?xml version="1.0" encoding="UTF-8"?>
<!-- Generated by org.testng.reporters.JUnitReportReporter -->
<testsuite hostname="EDT-159" name="com.apps.testScripts.SpecificWebBrowser" tests="1" failures="0" timestamp="28 Mar 2016 14:04:52 GMT" time="15.295" errors="0">
  <testcase name="backToCustometListTest" time="15.295" classname="com.apps.testScripts.SpecificWebBrowser"/>
</testsuite> <!-- com.apps.testScripts.SpecificWebBrowser -->
