<?xml version="1.0" encoding="UTF-8"?>
<!-- Generated by org.testng.reporters.JUnitReportReporter -->
<testsuite hostname="EDT-159" name="com.predix.rest.api.GetApi" tests="1" failures="0" timestamp="28 Mar 2016 13:32:46 GMT" time="3.647" errors="0">
  <testcase name="getRequestFindCapital" time="3.647" classname="com.predix.rest.api.GetApi"/>
</testsuite> <!-- com.predix.rest.api.GetApi -->
