<?xml version="1.0" encoding="UTF-8"?>
<!-- Generated by org.testng.reporters.JUnitReportReporter -->
<testsuite hostname="EDT-159" name="com.predix.rest.api.PostApi" tests="1" failures="0" timestamp="28 Mar 2016 13:02:05 GMT" time="8.891" errors="0">
  <testcase name="httpPost1" time="8.891" classname="com.predix.rest.api.PostApi"/>
</testsuite> <!-- com.predix.rest.api.PostApi -->
