<?xml version="1.0" encoding="UTF-8"?>
<!-- Generated by org.testng.reporters.JUnitReportReporter -->
<testsuite hostname="EDT-159" name="com.apps.model.StartExecution" tests="1" failures="0" timestamp="28 Mar 2016 14:04:52 GMT" time="0.041" errors="0">
  <testcase name="startTime" time="0.041" classname="com.apps.model.StartExecution"/>
</testsuite> <!-- com.apps.model.StartExecution -->
