<?xml version="1.0" encoding="UTF-8"?>
<!-- Generated by org.testng.reporters.JUnitReportReporter -->
<testsuite hostname="EDT-159" name="com.apps.testScripts.TestlinkIntegration" tests="1" failures="0" timestamp="6 Apr 2016 10:14:51 GMT" time="13.528" errors="0">
  <testcase name="test" time="13.528" classname="com.apps.testScripts.TestlinkIntegration"/>
</testsuite> <!-- com.apps.testScripts.TestlinkIntegration -->
