<?xml version="1.0" encoding="UTF-8"?>
<!-- Generated by org.testng.reporters.JUnitReportReporter -->
<testsuite hostname="EDT-159" name="com.predix.zap.security.SecurityTest" tests="2" failures="0" timestamp="28 Mar 2016 13:02:46 GMT" time="0.488" errors="0">
  <testcase name="tstSearch" time="0.339" classname="com.predix.zap.security.SecurityTest"/>
  <testcase name="tstHomePage" time="0.149" classname="com.predix.zap.security.SecurityTest"/>
</testsuite> <!-- com.predix.zap.security.SecurityTest -->
